;  LST file generated by mikroListExporter - v.2.0 
; Date/Time: 7/31/2023 5:23:46 PM
;----------------------------------------------

;Address Opcode 	ASM
0x0000	0x2A05      	GOTO       517
_interrupt:
0x0004	0x00FF      	MOVWF      R15
0x0005	0x0E03      	SWAPF      STATUS, 0
0x0006	0x0183      	CLRF       STATUS
0x0007	0x00A9      	MOVWF      ___saveSTATUS
0x0008	0x080A      	MOVF       PCLATH, 0
0x0009	0x00AA      	MOVWF      ___savePCLATH
0x000A	0x018A      	CLRF       PCLATH
0x000B	0x0870      	MOVF       R0, 0
0x000C	0x00A0      	MOVWF      32
;traffic.c,54 :: 		void interrupt() {
;traffic.c,55 :: 		if (intf_bit == 1) {
0x000D	0x1C8B      	BTFSS      INTF_bit, BitPos(INTF_bit+0)
0x000E	0x2823      	GOTO       L_interrupt0
;traffic.c,56 :: 		intf_bit=0;
0x000F	0x108B      	BCF        INTF_bit, BitPos(INTF_bit+0)
;traffic.c,58 :: 		if (currentMode == 0) {
0x0010	0x3000      	MOVLW      0
0x0011	0x0626      	XORWF      _currentMode+1, 0
0x0012	0x1D03      	BTFSS      STATUS, 2
0x0013	0x2816      	GOTO       L__interrupt42
0x0014	0x3000      	MOVLW      0
0x0015	0x0625      	XORWF      _currentMode, 0
L__interrupt42:
0x0016	0x1D03      	BTFSS      STATUS, 2
0x0017	0x281D      	GOTO       L_interrupt1
;traffic.c,59 :: 		currentMode=1;
0x0018	0x3001      	MOVLW      1
0x0019	0x00A5      	MOVWF      _currentMode
0x001A	0x3000      	MOVLW      0
0x001B	0x00A6      	MOVWF      _currentMode+1
;traffic.c,60 :: 		} else {
0x001C	0x281F      	GOTO       L_interrupt2
L_interrupt1:
;traffic.c,61 :: 		currentMode=0;
0x001D	0x01A5      	CLRF       _currentMode
0x001E	0x01A6      	CLRF       _currentMode+1
;traffic.c,62 :: 		}
L_interrupt2:
;traffic.c,64 :: 		cancelFlag=1;
0x001F	0x3001      	MOVLW      1
0x0020	0x00A1      	MOVWF      _cancelFlag
0x0021	0x3000      	MOVLW      0
0x0022	0x00A2      	MOVWF      _cancelFlag+1
;traffic.c,65 :: 		}
L_interrupt0:
;traffic.c,66 :: 		}
L_end_interrupt:
L__interrupt41:
0x0023	0x0820      	MOVF       32, 0
0x0024	0x00F0      	MOVWF      R0
0x0025	0x082A      	MOVF       ___savePCLATH, 0
0x0026	0x008A      	MOVWF      PCLATH
0x0027	0x0E29      	SWAPF      ___saveSTATUS, 0
0x0028	0x0083      	MOVWF      STATUS
0x0029	0x0EFF      	SWAPF      R15, 1
0x002A	0x0E7F      	SWAPF      R15, 0
0x002B	0x0009      	RETFIE
; end of _interrupt
_Div_8X8_U:
;__Lib_Math.c,189 :: 		
;__Lib_Math.c,196 :: 		
0x002C	0x1283      	BCF        STATUS, 5
;__Lib_Math.c,197 :: 		
0x002D	0x1303      	BCF        STATUS, 6
;__Lib_Math.c,198 :: 		
0x002E	0x01F8      	CLRF       R8
;__Lib_Math.c,199 :: 		
0x002F	0x3008      	MOVLW      8
;__Lib_Math.c,200 :: 		
0x0030	0x00FC      	MOVWF      R12
;__Lib_Math.c,201 :: 		
0x0031	0x0D70      	RLF        R0, 0
;__Lib_Math.c,202 :: 		
0x0032	0x0DF8      	RLF        R8, 1
;__Lib_Math.c,203 :: 		
0x0033	0x0874      	MOVF       R4, 0
;__Lib_Math.c,204 :: 		
0x0034	0x02F8      	SUBWF      R8, 1
;__Lib_Math.c,205 :: 		
0x0035	0x1803      	BTFSC      STATUS, 0
;__Lib_Math.c,206 :: 		
0x0036	0x2839      	GOTO       $+3
;__Lib_Math.c,207 :: 		
0x0037	0x07F8      	ADDWF      R8, 1
;__Lib_Math.c,208 :: 		
0x0038	0x1003      	BCF        STATUS, 0
;__Lib_Math.c,209 :: 		
0x0039	0x0DF0      	RLF        R0, 1
;__Lib_Math.c,210 :: 		
0x003A	0x0BFC      	DECFSZ     R12, 1
;__Lib_Math.c,211 :: 		
0x003B	0x2831      	GOTO       $-10
;__Lib_Math.c,213 :: 		
L_end_Div_8X8_U:
0x003C	0x0008      	RETURN
; end of _Div_8X8_U
_Div_16x16_S_L:
;__Lib_Math.c,420 :: 		
;__Lib_Math.c,426 :: 		
0x003D	0x0D71      	RLF        R1, 0
;__Lib_Math.c,427 :: 		
0x003E	0x0DF8      	RLF        R8, 1
;__Lib_Math.c,428 :: 		
0x003F	0x0DF9      	RLF        R9, 1
;__Lib_Math.c,429 :: 		
0x0040	0x0874      	MOVF       R4, 0
;__Lib_Math.c,430 :: 		
0x0041	0x02F8      	SUBWF      R8, 1
;__Lib_Math.c,431 :: 		
0x0042	0x0875      	MOVF       R5, 0
;__Lib_Math.c,432 :: 		
0x0043	0x1C03      	BTFSS      STATUS, 0
;__Lib_Math.c,433 :: 		
0x0044	0x0F75      	INCFSZ     R5, 0
;__Lib_Math.c,434 :: 		
0x0045	0x02F9      	SUBWF      R9, 1
;__Lib_Math.c,435 :: 		
0x0046	0x0DF0      	RLF        R0, 1
;__Lib_Math.c,436 :: 		
0x0047	0x0DF1      	RLF        R1, 1
;__Lib_Math.c,438 :: 		
0x0048	0x300F      	MOVLW      15
;__Lib_Math.c,439 :: 		
0x0049	0x00FC      	MOVWF      R12
;__Lib_Math.c,441 :: 		
0x004A	0x0D71      	RLF        R1, 0
;__Lib_Math.c,442 :: 		
0x004B	0x0DF8      	RLF        R8, 1
;__Lib_Math.c,443 :: 		
0x004C	0x0DF9      	RLF        R9, 1
;__Lib_Math.c,444 :: 		
0x004D	0x0874      	MOVF       R4, 0
;__Lib_Math.c,446 :: 		
0x004E	0x1C70      	BTFSS      R0, 0
;__Lib_Math.c,447 :: 		
0x004F	0x2856      	GOTO       $+7
;__Lib_Math.c,448 :: 		
0x0050	0x02F8      	SUBWF      R8, 1
;__Lib_Math.c,449 :: 		
0x0051	0x0875      	MOVF       R5, 0
;__Lib_Math.c,450 :: 		
0x0052	0x1C03      	BTFSS      STATUS, 0
;__Lib_Math.c,451 :: 		
0x0053	0x0F75      	INCFSZ     R5, 0
;__Lib_Math.c,452 :: 		
0x0054	0x02F9      	SUBWF      R9, 1
;__Lib_Math.c,453 :: 		
0x0055	0x285B      	GOTO       $+6
;__Lib_Math.c,455 :: 		
0x0056	0x07F8      	ADDWF      R8, 1
;__Lib_Math.c,456 :: 		
0x0057	0x0875      	MOVF       R5, 0
;__Lib_Math.c,457 :: 		
0x0058	0x1803      	BTFSC      STATUS, 0
;__Lib_Math.c,458 :: 		
0x0059	0x0F75      	INCFSZ     R5, 0
;__Lib_Math.c,459 :: 		
0x005A	0x07F9      	ADDWF      R9, 1
;__Lib_Math.c,461 :: 		
0x005B	0x0DF0      	RLF        R0, 1
;__Lib_Math.c,462 :: 		
0x005C	0x0DF1      	RLF        R1, 1
;__Lib_Math.c,464 :: 		
0x005D	0x0BFC      	DECFSZ     R12, 1
;__Lib_Math.c,465 :: 		
0x005E	0x284A      	GOTO       $-20
;__Lib_Math.c,467 :: 		
0x005F	0x1870      	BTFSC      R0, 0
;__Lib_Math.c,468 :: 		
0x0060	0x2867      	GOTO       $+7
;__Lib_Math.c,469 :: 		
0x0061	0x0874      	MOVF       R4, 0
;__Lib_Math.c,470 :: 		
0x0062	0x07F8      	ADDWF      R8, 1
;__Lib_Math.c,471 :: 		
0x0063	0x0875      	MOVF       R5, 0
;__Lib_Math.c,472 :: 		
0x0064	0x1803      	BTFSC      STATUS, 0
;__Lib_Math.c,473 :: 		
0x0065	0x0F75      	INCFSZ     R5, 0
;__Lib_Math.c,474 :: 		
0x0066	0x07F9      	ADDWF      R9, 1
;__Lib_Math.c,475 :: 		
0x0067	0x0000      	NOP
;__Lib_Math.c,477 :: 		
L_end_Div_16x16_S_L:
0x0068	0x0008      	RETURN
; end of _Div_16x16_S_L
_turnOnLeds:
;traffic.c,104 :: 		void turnOnLeds() {
;traffic.c,105 :: 		LEDS=0;
0x0069	0x1283      	BCF        STATUS, 5
0x006A	0x1303      	BCF        STATUS, 6
0x006B	0x0188      	CLRF       PORTD
;traffic.c,106 :: 		if (currentState == 0) {
0x006C	0x3000      	MOVLW      0
0x006D	0x0624      	XORWF      _currentState+1, 0
0x006E	0x1D03      	BTFSS      STATUS, 2
0x006F	0x2872      	GOTO       L__turnOnLeds46
0x0070	0x3000      	MOVLW      0
0x0071	0x0623      	XORWF      _currentState, 0
L__turnOnLeds46:
0x0072	0x1D03      	BTFSS      STATUS, 2
0x0073	0x2877      	GOTO       L_turnOnLeds7
;traffic.c,107 :: 		WGLED=1;
0x0074	0x1688      	BSF        PORTD, 5
;traffic.c,108 :: 		SRLED=1;
0x0075	0x1408      	BSF        PORTD, 0
;traffic.c,109 :: 		} else if (currentState == 1) {
0x0076	0x2897      	GOTO       L_turnOnLeds8
L_turnOnLeds7:
0x0077	0x3000      	MOVLW      0
0x0078	0x0624      	XORWF      _currentState+1, 0
0x0079	0x1D03      	BTFSS      STATUS, 2
0x007A	0x287D      	GOTO       L__turnOnLeds47
0x007B	0x3001      	MOVLW      1
0x007C	0x0623      	XORWF      _currentState, 0
L__turnOnLeds47:
0x007D	0x1D03      	BTFSS      STATUS, 2
0x007E	0x2882      	GOTO       L_turnOnLeds9
;traffic.c,110 :: 		WYLED=1;
0x007F	0x1608      	BSF        PORTD, 4
;traffic.c,111 :: 		SRLED=1;
0x0080	0x1408      	BSF        PORTD, 0
;traffic.c,112 :: 		} else if (currentState == 2) {
0x0081	0x2897      	GOTO       L_turnOnLeds10
L_turnOnLeds9:
0x0082	0x3000      	MOVLW      0
0x0083	0x0624      	XORWF      _currentState+1, 0
0x0084	0x1D03      	BTFSS      STATUS, 2
0x0085	0x2888      	GOTO       L__turnOnLeds48
0x0086	0x3002      	MOVLW      2
0x0087	0x0623      	XORWF      _currentState, 0
L__turnOnLeds48:
0x0088	0x1D03      	BTFSS      STATUS, 2
0x0089	0x288D      	GOTO       L_turnOnLeds11
;traffic.c,113 :: 		WRLED=1;
0x008A	0x1588      	BSF        PORTD, 3
;traffic.c,114 :: 		SGLED=1;
0x008B	0x1508      	BSF        PORTD, 2
;traffic.c,115 :: 		} else if (currentState == 3) {
0x008C	0x2897      	GOTO       L_turnOnLeds12
L_turnOnLeds11:
0x008D	0x3000      	MOVLW      0
0x008E	0x0624      	XORWF      _currentState+1, 0
0x008F	0x1D03      	BTFSS      STATUS, 2
0x0090	0x2893      	GOTO       L__turnOnLeds49
0x0091	0x3003      	MOVLW      3
0x0092	0x0623      	XORWF      _currentState, 0
L__turnOnLeds49:
0x0093	0x1D03      	BTFSS      STATUS, 2
0x0094	0x2897      	GOTO       L_turnOnLeds13
;traffic.c,116 :: 		WRLED=1;
0x0095	0x1588      	BSF        PORTD, 3
;traffic.c,117 :: 		SYLED=1;
0x0096	0x1488      	BSF        PORTD, 1
;traffic.c,118 :: 		}
L_turnOnLeds13:
L_turnOnLeds12:
L_turnOnLeds10:
L_turnOnLeds8:
;traffic.c,119 :: 		}
L_end_turnOnLeds:
0x0097	0x0008      	RETURN
; end of _turnOnLeds
_goNextState:
;traffic.c,162 :: 		void goNextState() {
;traffic.c,164 :: 		currentState++;
0x0098	0x1283      	BCF        STATUS, 5
0x0099	0x1303      	BCF        STATUS, 6
0x009A	0x0AA3      	INCF       _currentState, 1
0x009B	0x1903      	BTFSC      STATUS, 2
0x009C	0x0AA4      	INCF       _currentState+1, 1
;traffic.c,166 :: 		if (currentState == 4) {
0x009D	0x3000      	MOVLW      0
0x009E	0x0624      	XORWF      _currentState+1, 0
0x009F	0x1D03      	BTFSS      STATUS, 2
0x00A0	0x28A3      	GOTO       L__goNextState57
0x00A1	0x3004      	MOVLW      4
0x00A2	0x0623      	XORWF      _currentState, 0
L__goNextState57:
0x00A3	0x1D03      	BTFSS      STATUS, 2
0x00A4	0x28A7      	GOTO       L_goNextState24
;traffic.c,167 :: 		currentState=0;
0x00A5	0x01A3      	CLRF       _currentState
0x00A6	0x01A4      	CLRF       _currentState+1
;traffic.c,168 :: 		}
L_goNextState24:
;traffic.c,169 :: 		}
L_end_goNextState:
0x00A7	0x0008      	RETURN
; end of _goNextState
_Delay_1sec:
;__Lib_Delays.c,55 :: 		void Delay_1sec() {
;__Lib_Delays.c,56 :: 		Delay_ms(1000);
0x00A8	0x300B      	MOVLW      11
0x00A9	0x1283      	BCF        STATUS, 5
0x00AA	0x1303      	BCF        STATUS, 6
0x00AB	0x00FB      	MOVWF      R11
0x00AC	0x3026      	MOVLW      38
0x00AD	0x00FC      	MOVWF      R12
0x00AE	0x305D      	MOVLW      93
0x00AF	0x00FD      	MOVWF      R13
L_Delay_1sec11:
0x00B0	0x0BFD      	DECFSZ     R13, 1
0x00B1	0x28B0      	GOTO       L_Delay_1sec11
0x00B2	0x0BFC      	DECFSZ     R12, 1
0x00B3	0x28B0      	GOTO       L_Delay_1sec11
0x00B4	0x0BFB      	DECFSZ     R11, 1
0x00B5	0x28B0      	GOTO       L_Delay_1sec11
0x00B6	0x0000      	NOP
0x00B7	0x0000      	NOP
;__Lib_Delays.c,57 :: 		}
L_end_Delay_1sec:
0x00B8	0x0008      	RETURN
; end of _Delay_1sec
_Dec2Bcd:
;__Lib_Conversions.c,304 :: 		
;__Lib_Conversions.c,305 :: 		
0x00B9	0x1283      	BCF        STATUS, 5
0x00BA	0x1303      	BCF        STATUS, 6
0x00BB	0x01B0      	CLRF       Dec2Bcd_tmp_L0
;__Lib_Conversions.c,307 :: 		
0x00BC	0x082F      	MOVF       FARG_Dec2Bcd_decnum, 0
0x00BD	0x3C09      	SUBLW      9
0x00BE	0x1803      	BTFSC      STATUS, 0
0x00BF	0x28DB      	GOTO       L_Dec2Bcd64
;__Lib_Conversions.c,308 :: 		
0x00C0	0x300A      	MOVLW      10
0x00C1	0x00F4      	MOVWF      R4
0x00C2	0x082F      	MOVF       FARG_Dec2Bcd_decnum, 0
0x00C3	0x00F0      	MOVWF      R0
0x00C4	0x202C      	CALL       _Div_8X8_U
0x00C5	0x0870      	MOVF       R0, 0
0x00C6	0x00B0      	MOVWF      Dec2Bcd_tmp_L0
;__Lib_Conversions.c,309 :: 		
0x00C7	0x0870      	MOVF       R0, 0
0x00C8	0x00B0      	MOVWF      Dec2Bcd_tmp_L0
0x00C9	0x0DB0      	RLF        Dec2Bcd_tmp_L0, 1
0x00CA	0x1030      	BCF        Dec2Bcd_tmp_L0, 0
0x00CB	0x0DB0      	RLF        Dec2Bcd_tmp_L0, 1
0x00CC	0x1030      	BCF        Dec2Bcd_tmp_L0, 0
0x00CD	0x0DB0      	RLF        Dec2Bcd_tmp_L0, 1
0x00CE	0x1030      	BCF        Dec2Bcd_tmp_L0, 0
0x00CF	0x0DB0      	RLF        Dec2Bcd_tmp_L0, 1
0x00D0	0x1030      	BCF        Dec2Bcd_tmp_L0, 0
;__Lib_Conversions.c,310 :: 		
0x00D1	0x300A      	MOVLW      10
0x00D2	0x00F4      	MOVWF      R4
0x00D3	0x082F      	MOVF       FARG_Dec2Bcd_decnum, 0
0x00D4	0x00F0      	MOVWF      R0
0x00D5	0x202C      	CALL       _Div_8X8_U
0x00D6	0x0878      	MOVF       R8, 0
0x00D7	0x00F0      	MOVWF      R0
0x00D8	0x0870      	MOVF       R0, 0
0x00D9	0x04B0      	IORWF      Dec2Bcd_tmp_L0, 1
;__Lib_Conversions.c,311 :: 		
0x00DA	0x28DD      	GOTO       L_Dec2Bcd65
L_Dec2Bcd64:
;__Lib_Conversions.c,312 :: 		
0x00DB	0x082F      	MOVF       FARG_Dec2Bcd_decnum, 0
0x00DC	0x00B0      	MOVWF      Dec2Bcd_tmp_L0
L_Dec2Bcd65:
;__Lib_Conversions.c,313 :: 		
0x00DD	0x0830      	MOVF       Dec2Bcd_tmp_L0, 0
0x00DE	0x00F0      	MOVWF      R0
;__Lib_Conversions.c,314 :: 		
L_end_Dec2Bcd:
0x00DF	0x0008      	RETURN
; end of _Dec2Bcd
_Div_16x16_S:
;__Lib_Math.c,479 :: 		
;__Lib_Math.c,487 :: 		
0x00E0	0x1283      	BCF        STATUS, 5
0x00E1	0x1303      	BCF        STATUS, 6
0x00E2	0x0874      	MOVF       R4, 0
0x00E3	0x3A00      	XORLW      0
0x00E4	0x1D03      	BTFSS      STATUS, 2
0x00E5	0x28EF      	GOTO       L_Div_16x16_S0
;__Lib_Math.c,488 :: 		
0x00E6	0x0875      	MOVF       R5, 0
0x00E7	0x3A00      	XORLW      0
0x00E8	0x1D03      	BTFSS      STATUS, 2
0x00E9	0x28EF      	GOTO       L_Div_16x16_S1
;__Lib_Math.c,489 :: 		
0x00EA	0x30FF      	MOVLW      255
0x00EB	0x00F0      	MOVWF      R0
;__Lib_Math.c,490 :: 		
0x00EC	0x307F      	MOVLW      127
0x00ED	0x00F1      	MOVWF      R1
;__Lib_Math.c,491 :: 		
0x00EE	0x2948      	GOTO       L_end_Div_16x16_S
;__Lib_Math.c,492 :: 		
L_Div_16x16_S1:
L_Div_16x16_S0:
;__Lib_Math.c,495 :: 		
0x00EF	0x1283      	BCF        STATUS, 5
;__Lib_Math.c,496 :: 		
0x00F0	0x1303      	BCF        STATUS, 6
;__Lib_Math.c,497 :: 		
0x00F1	0x01FD      	CLRF       R13
;__Lib_Math.c,498 :: 		
0x00F2	0x01F9      	CLRF       R9
;__Lib_Math.c,499 :: 		
0x00F3	0x01F8      	CLRF       R8
;__Lib_Math.c,500 :: 		
0x00F4	0x0871      	MOVF       R1, 0
;__Lib_Math.c,501 :: 		
0x00F5	0x0470      	IORWF      R0, 0
;__Lib_Math.c,502 :: 		
0x00F6	0x1903      	BTFSC      STATUS, 2
;__Lib_Math.c,503 :: 		
0x00F7	0x3400      	RETLW      0
;__Lib_Math.c,505 :: 		
0x00F8	0x0871      	MOVF       R1, 0
;__Lib_Math.c,506 :: 		
0x00F9	0x0675      	XORWF      R5, 0
;__Lib_Math.c,507 :: 		
0x00FA	0x00FA      	MOVWF      R10
;__Lib_Math.c,508 :: 		
0x00FB	0x1BFA      	BTFSC      R10, 7
;__Lib_Math.c,509 :: 		
0x00FC	0x09FD      	COMF       R13, 1
;__Lib_Math.c,511 :: 		
0x00FD	0x01FB      	CLRF       R11
;__Lib_Math.c,513 :: 		
0x00FE	0x1FF5      	BTFSS      R5, 7
;__Lib_Math.c,514 :: 		
0x00FF	0x2905      	GOTO       $+6
;__Lib_Math.c,516 :: 		
0x0100	0x09F4      	COMF       R4, 1
;__Lib_Math.c,517 :: 		
0x0101	0x09F5      	COMF       R5, 1
;__Lib_Math.c,518 :: 		
0x0102	0x0AF4      	INCF       R4, 1
;__Lib_Math.c,519 :: 		
0x0103	0x1903      	BTFSC      STATUS, 2
;__Lib_Math.c,520 :: 		
0x0104	0x0AF5      	INCF       R5, 1
;__Lib_Math.c,522 :: 		
0x0105	0x1FF1      	BTFSS      R1, 7
;__Lib_Math.c,523 :: 		
0x0106	0x290C      	GOTO       $+6
;__Lib_Math.c,525 :: 		
0x0107	0x09F0      	COMF       R0, 1
;__Lib_Math.c,526 :: 		
0x0108	0x09F1      	COMF       R1, 1
;__Lib_Math.c,527 :: 		
0x0109	0x0AF0      	INCF       R0, 1
;__Lib_Math.c,528 :: 		
0x010A	0x1903      	BTFSC      STATUS, 2
;__Lib_Math.c,529 :: 		
0x010B	0x0AF1      	INCF       R1, 1
;__Lib_Math.c,531 :: 		
0x010C	0x0871      	MOVF       R1, 0
;__Lib_Math.c,532 :: 		
0x010D	0x0475      	IORWF      R5, 0
;__Lib_Math.c,533 :: 		
0x010E	0x00FA      	MOVWF      R10
;__Lib_Math.c,534 :: 		
0x010F	0x1BFA      	BTFSC      R10, 7
;__Lib_Math.c,535 :: 		
0x0110	0x2921      	GOTO       $+17
;__Lib_Math.c,537 :: 		
0x0111	0x203D      	CALL       _Div_16x16_S_L
;__Lib_Math.c,539 :: 		
0x0112	0x187B      	BTFSC      R11, 0
;__Lib_Math.c,540 :: 		
0x0113	0x2934      	GOTO       $+33
;__Lib_Math.c,542 :: 		
0x0114	0x1FFD      	BTFSS      R13, 7
;__Lib_Math.c,543 :: 		
0x0115	0x3400      	RETLW      0
;__Lib_Math.c,545 :: 		
0x0116	0x09F0      	COMF       R0, 1
;__Lib_Math.c,546 :: 		
0x0117	0x09F1      	COMF       R1, 1
;__Lib_Math.c,547 :: 		
0x0118	0x0AF0      	INCF       R0, 1
;__Lib_Math.c,548 :: 		
0x0119	0x1903      	BTFSC      STATUS, 2
;__Lib_Math.c,549 :: 		
0x011A	0x0AF1      	INCF       R1, 1
;__Lib_Math.c,551 :: 		
0x011B	0x09F8      	COMF       R8, 1
;__Lib_Math.c,552 :: 		
0x011C	0x09F9      	COMF       R9, 1
;__Lib_Math.c,553 :: 		
0x011D	0x0AF8      	INCF       R8, 1
;__Lib_Math.c,554 :: 		
0x011E	0x1903      	BTFSC      STATUS, 2
;__Lib_Math.c,555 :: 		
0x011F	0x0AF9      	INCF       R9, 1
;__Lib_Math.c,557 :: 		
0x0120	0x3400      	RETLW      0
;__Lib_Math.c,559 :: 		
0x0121	0x1FF5      	BTFSS      R5, 7
;__Lib_Math.c,560 :: 		
0x0122	0x2930      	GOTO       $+14
;__Lib_Math.c,561 :: 		
0x0123	0x1BF1      	BTFSC      R1, 7
;__Lib_Math.c,562 :: 		
0x0124	0x292C      	GOTO       $+8
;__Lib_Math.c,563 :: 		
0x0125	0x0871      	MOVF       R1, 0
;__Lib_Math.c,564 :: 		
0x0126	0x00F9      	MOVWF      R9
;__Lib_Math.c,565 :: 		
0x0127	0x0870      	MOVF       R0, 0
;__Lib_Math.c,566 :: 		
0x0128	0x00F8      	MOVWF      R8
;__Lib_Math.c,567 :: 		
0x0129	0x01F1      	CLRF       R1
;__Lib_Math.c,568 :: 		
0x012A	0x01F0      	CLRF       R0
;__Lib_Math.c,569 :: 		
0x012B	0x2914      	GOTO       $-23
;__Lib_Math.c,570 :: 		
0x012C	0x01F1      	CLRF       R1
;__Lib_Math.c,571 :: 		
0x012D	0x01F0      	CLRF       R0
;__Lib_Math.c,572 :: 		
0x012E	0x0AF0      	INCF       R0, 1
;__Lib_Math.c,573 :: 		
0x012F	0x3400      	RETLW      0
;__Lib_Math.c,575 :: 		
0x0130	0x09F1      	COMF       R1, 1
;__Lib_Math.c,576 :: 		
0x0131	0x09F0      	COMF       R0, 1
;__Lib_Math.c,577 :: 		
0x0132	0x0AFB      	INCF       R11, 1
;__Lib_Math.c,578 :: 		
0x0133	0x2911      	GOTO       $-34
;__Lib_Math.c,580 :: 		
0x0134	0x0AF8      	INCF       R8, 1
;__Lib_Math.c,581 :: 		
0x0135	0x1903      	BTFSC      STATUS, 2
;__Lib_Math.c,582 :: 		
0x0136	0x0AF9      	INCF       R9, 1
;__Lib_Math.c,583 :: 		
0x0137	0x0874      	MOVF       R4, 0
;__Lib_Math.c,584 :: 		
0x0138	0x0278      	SUBWF      R8, 0
;__Lib_Math.c,585 :: 		
0x0139	0x1D03      	BTFSS      STATUS, 2
;__Lib_Math.c,586 :: 		
0x013A	0x2914      	GOTO       $-38
;__Lib_Math.c,587 :: 		
0x013B	0x0875      	MOVF       R5, 0
;__Lib_Math.c,588 :: 		
0x013C	0x0279      	SUBWF      R9, 0
;__Lib_Math.c,589 :: 		
0x013D	0x1D03      	BTFSS      STATUS, 2
;__Lib_Math.c,590 :: 		
0x013E	0x2914      	GOTO       $-42
;__Lib_Math.c,591 :: 		
0x013F	0x01F9      	CLRF       R9
;__Lib_Math.c,592 :: 		
0x0140	0x01F8      	CLRF       R8
;__Lib_Math.c,593 :: 		
0x0141	0x0AF0      	INCF       R0, 1
;__Lib_Math.c,594 :: 		
0x0142	0x1903      	BTFSC      STATUS, 2
;__Lib_Math.c,595 :: 		
0x0143	0x0AF1      	INCF       R1, 1
;__Lib_Math.c,596 :: 		
0x0144	0x1FF1      	BTFSS      R1, 7
;__Lib_Math.c,597 :: 		
0x0145	0x2914      	GOTO       $-49
;__Lib_Math.c,598 :: 		
0x0146	0x0000      	NOP
;__Lib_Math.c,599 :: 		
0x0147	0x34FF      	RETLW      255
;__Lib_Math.c,601 :: 		
L_end_Div_16x16_S:
0x0148	0x0008      	RETURN
; end of _Div_16x16_S
_count:
;traffic.c,187 :: 		void count(int ms) {
;traffic.c,189 :: 		int sec = ms / 1000;
0x0149	0x30E8      	MOVLW      232
0x014A	0x1283      	BCF        STATUS, 5
0x014B	0x1303      	BCF        STATUS, 6
0x014C	0x00F4      	MOVWF      R4
0x014D	0x3003      	MOVLW      3
0x014E	0x00F5      	MOVWF      R4+1
0x014F	0x082B      	MOVF       FARG_count_ms, 0
0x0150	0x00F0      	MOVWF      R0
0x0151	0x082C      	MOVF       FARG_count_ms+1, 0
0x0152	0x00F1      	MOVWF      R0+1
0x0153	0x20E0      	CALL       _Div_16x16_S
0x0154	0x0870      	MOVF       R0, 0
0x0155	0x00AD      	MOVWF      count_sec_L0
0x0156	0x0871      	MOVF       R0+1, 0
0x0157	0x00AE      	MOVWF      count_sec_L0+1
;traffic.c,191 :: 		while (1) {
L_count31:
;traffic.c,193 :: 		if (cancelFlag && currentState != 3 && currentState != 1) break;
0x0158	0x0821      	MOVF       _cancelFlag, 0
0x0159	0x0422      	IORWF      _cancelFlag+1, 0
0x015A	0x1903      	BTFSC      STATUS, 2
0x015B	0x296D      	GOTO       L_count35
0x015C	0x3000      	MOVLW      0
0x015D	0x0624      	XORWF      _currentState+1, 0
0x015E	0x1D03      	BTFSS      STATUS, 2
0x015F	0x2962      	GOTO       L__count62
0x0160	0x3003      	MOVLW      3
0x0161	0x0623      	XORWF      _currentState, 0
L__count62:
0x0162	0x1903      	BTFSC      STATUS, 2
0x0163	0x296D      	GOTO       L_count35
0x0164	0x3000      	MOVLW      0
0x0165	0x0624      	XORWF      _currentState+1, 0
0x0166	0x1D03      	BTFSS      STATUS, 2
0x0167	0x296A      	GOTO       L__count63
0x0168	0x3001      	MOVLW      1
0x0169	0x0623      	XORWF      _currentState, 0
L__count63:
0x016A	0x1903      	BTFSC      STATUS, 2
0x016B	0x296D      	GOTO       L_count35
L__count39:
0x016C	0x298B      	GOTO       L_count32
L_count35:
;traffic.c,195 :: 		SEGMENTS = dec2bcd(sec);
0x016D	0x082D      	MOVF       count_sec_L0, 0
0x016E	0x00AF      	MOVWF      FARG_Dec2Bcd_decnum
0x016F	0x20B9      	CALL       _Dec2Bcd
0x0170	0x0870      	MOVF       R0, 0
0x0171	0x0087      	MOVWF      PORTC
;traffic.c,197 :: 		if (sec == 0) {
0x0172	0x3000      	MOVLW      0
0x0173	0x062E      	XORWF      count_sec_L0+1, 0
0x0174	0x1D03      	BTFSS      STATUS, 2
0x0175	0x2978      	GOTO       L__count64
0x0176	0x3000      	MOVLW      0
0x0177	0x062D      	XORWF      count_sec_L0, 0
L__count64:
0x0178	0x1D03      	BTFSS      STATUS, 2
0x0179	0x297B      	GOTO       L_count36
;traffic.c,198 :: 		break;
0x017A	0x298B      	GOTO       L_count32
;traffic.c,199 :: 		}
L_count36:
;traffic.c,201 :: 		if (sec == 3) {
0x017B	0x3000      	MOVLW      0
0x017C	0x062E      	XORWF      count_sec_L0+1, 0
0x017D	0x1D03      	BTFSS      STATUS, 2
0x017E	0x2981      	GOTO       L__count65
0x017F	0x3003      	MOVLW      3
0x0180	0x062D      	XORWF      count_sec_L0, 0
L__count65:
0x0181	0x1D03      	BTFSS      STATUS, 2
0x0182	0x2985      	GOTO       L_count37
;traffic.c,203 :: 		goNextState();
0x0183	0x2098      	CALL       _goNextState
;traffic.c,204 :: 		turnOnLeds();
0x0184	0x2069      	CALL       _turnOnLeds
;traffic.c,205 :: 		}
L_count37:
;traffic.c,207 :: 		delay_1sec();
0x0185	0x20A8      	CALL       _Delay_1sec
;traffic.c,208 :: 		sec--;
0x0186	0x3001      	MOVLW      1
0x0187	0x02AD      	SUBWF      count_sec_L0, 1
0x0188	0x1C03      	BTFSS      STATUS, 0
0x0189	0x03AE      	DECF       count_sec_L0+1, 1
;traffic.c,209 :: 		}
0x018A	0x2958      	GOTO       L_count31
L_count32:
;traffic.c,210 :: 		}
L_end_count:
0x018B	0x0008      	RETURN
; end of _count
_waitCurrentState:
;traffic.c,149 :: 		void waitCurrentState() {
;traffic.c,150 :: 		if (currentState == 0) {
0x018C	0x3000      	MOVLW      0
0x018D	0x1283      	BCF        STATUS, 5
0x018E	0x1303      	BCF        STATUS, 6
0x018F	0x0624      	XORWF      _currentState+1, 0
0x0190	0x1D03      	BTFSS      STATUS, 2
0x0191	0x2994      	GOTO       L__waitCurrentState54
0x0192	0x3000      	MOVLW      0
0x0193	0x0623      	XORWF      _currentState, 0
L__waitCurrentState54:
0x0194	0x1D03      	BTFSS      STATUS, 2
0x0195	0x299C      	GOTO       L_waitCurrentState21
;traffic.c,152 :: 		count(23000);
0x0196	0x30D8      	MOVLW      216
0x0197	0x00AB      	MOVWF      FARG_count_ms
0x0198	0x3059      	MOVLW      89
0x0199	0x00AC      	MOVWF      FARG_count_ms+1
0x019A	0x2149      	CALL       _count
;traffic.c,153 :: 		} else if (currentState == 2) {
0x019B	0x29A9      	GOTO       L_waitCurrentState22
L_waitCurrentState21:
0x019C	0x3000      	MOVLW      0
0x019D	0x0624      	XORWF      _currentState+1, 0
0x019E	0x1D03      	BTFSS      STATUS, 2
0x019F	0x29A2      	GOTO       L__waitCurrentState55
0x01A0	0x3002      	MOVLW      2
0x01A1	0x0623      	XORWF      _currentState, 0
L__waitCurrentState55:
0x01A2	0x1D03      	BTFSS      STATUS, 2
0x01A3	0x29A9      	GOTO       L_waitCurrentState23
;traffic.c,155 :: 		count(15000);
0x01A4	0x3098      	MOVLW      152
0x01A5	0x00AB      	MOVWF      FARG_count_ms
0x01A6	0x303A      	MOVLW      58
0x01A7	0x00AC      	MOVWF      FARG_count_ms+1
0x01A8	0x2149      	CALL       _count
;traffic.c,156 :: 		}
L_waitCurrentState23:
L_waitCurrentState22:
;traffic.c,157 :: 		}
L_end_waitCurrentState:
0x01A9	0x0008      	RETURN
; end of _waitCurrentState
_____DoICP:
;__Lib_System.c,6 :: 		
;__Lib_System.c,9 :: 		
0x01AA	0x1283      	BCF        STATUS, 5
0x01AB	0x1303      	BCF        STATUS, 6
0x01AC	0x0828      	MOVF       ___DoICPAddr+1, 0
0x01AD	0x008A      	MOVWF      PCLATH
;__Lib_System.c,10 :: 		
0x01AE	0x0827      	MOVF       ___DoICPAddr, 0
0x01AF	0x0082      	MOVWF      PCL
;__Lib_System.c,12 :: 		
L_end_____DoICP:
0x01B0	0x0008      	RETURN
; end of _____DoICP
_startAuto:
;traffic.c,171 :: 		void startAuto() {
;traffic.c,172 :: 		turnOnLeds();
0x01B1	0x2069      	CALL       _turnOnLeds
;traffic.c,174 :: 		while (1) {
L_startAuto25:
;traffic.c,175 :: 		if (cancelFlag) break;
0x01B2	0x0821      	MOVF       _cancelFlag, 0
0x01B3	0x0422      	IORWF      _cancelFlag+1, 0
0x01B4	0x1903      	BTFSC      STATUS, 2
0x01B5	0x29B7      	GOTO       L_startAuto27
0x01B6	0x29D0      	GOTO       L_startAuto26
L_startAuto27:
;traffic.c,177 :: 		waitCurrentState();
0x01B7	0x218C      	CALL       _waitCurrentState
;traffic.c,179 :: 		if (!cancelFlag || currentState == 1 || currentState == 3) {
0x01B8	0x0821      	MOVF       _cancelFlag, 0
0x01B9	0x0422      	IORWF      _cancelFlag+1, 0
0x01BA	0x1903      	BTFSC      STATUS, 2
0x01BB	0x29CD      	GOTO       L__startAuto38
0x01BC	0x3000      	MOVLW      0
0x01BD	0x0624      	XORWF      _currentState+1, 0
0x01BE	0x1D03      	BTFSS      STATUS, 2
0x01BF	0x29C2      	GOTO       L__startAuto59
0x01C0	0x3001      	MOVLW      1
0x01C1	0x0623      	XORWF      _currentState, 0
L__startAuto59:
0x01C2	0x1903      	BTFSC      STATUS, 2
0x01C3	0x29CD      	GOTO       L__startAuto38
0x01C4	0x3000      	MOVLW      0
0x01C5	0x0624      	XORWF      _currentState+1, 0
0x01C6	0x1D03      	BTFSS      STATUS, 2
0x01C7	0x29CA      	GOTO       L__startAuto60
0x01C8	0x3003      	MOVLW      3
0x01C9	0x0623      	XORWF      _currentState, 0
L__startAuto60:
0x01CA	0x1903      	BTFSC      STATUS, 2
0x01CB	0x29CD      	GOTO       L__startAuto38
0x01CC	0x29CE      	GOTO       L_startAuto30
L__startAuto38:
;traffic.c,180 :: 		goNextState();
0x01CD	0x2098      	CALL       _goNextState
;traffic.c,181 :: 		}
L_startAuto30:
;traffic.c,183 :: 		turnOnLeds();
0x01CE	0x2069      	CALL       _turnOnLeds
;traffic.c,184 :: 		}
0x01CF	0x29B2      	GOTO       L_startAuto25
L_startAuto26:
;traffic.c,185 :: 		}
L_end_startAuto:
0x01D0	0x0008      	RETURN
; end of _startAuto
_startManual:
;traffic.c,124 :: 		void startManual() {
;traffic.c,126 :: 		turnOnLeds();
0x01D1	0x2069      	CALL       _turnOnLeds
;traffic.c,128 :: 		while (1) {
L_startManual14:
;traffic.c,130 :: 		if (cancelFlag) return;
0x01D2	0x0821      	MOVF       _cancelFlag, 0
0x01D3	0x0422      	IORWF      _cancelFlag+1, 0
0x01D4	0x1903      	BTFSC      STATUS, 2
0x01D5	0x29D7      	GOTO       L_startManual16
0x01D6	0x29F8      	GOTO       L_end_startManual
L_startManual16:
;traffic.c,132 :: 		if (SBTN == 0) continue;
0x01D7	0x1886      	BTFSC      PORTB, 1
0x01D8	0x29DA      	GOTO       L_startManual17
0x01D9	0x29D2      	GOTO       L_startManual14
L_startManual17:
;traffic.c,134 :: 		if (currentState == 0) {
0x01DA	0x3000      	MOVLW      0
0x01DB	0x0624      	XORWF      _currentState+1, 0
0x01DC	0x1D03      	BTFSS      STATUS, 2
0x01DD	0x29E0      	GOTO       L__startManual51
0x01DE	0x3000      	MOVLW      0
0x01DF	0x0623      	XORWF      _currentState, 0
L__startManual51:
0x01E0	0x1D03      	BTFSS      STATUS, 2
0x01E1	0x29E8      	GOTO       L_startManual18
;traffic.c,135 :: 		count(3000);
0x01E2	0x30B8      	MOVLW      184
0x01E3	0x00AB      	MOVWF      FARG_count_ms
0x01E4	0x300B      	MOVLW      11
0x01E5	0x00AC      	MOVWF      FARG_count_ms+1
0x01E6	0x2149      	CALL       _count
;traffic.c,136 :: 		} else if (currentState == 2) {
0x01E7	0x29F5      	GOTO       L_startManual19
L_startManual18:
0x01E8	0x3000      	MOVLW      0
0x01E9	0x0624      	XORWF      _currentState+1, 0
0x01EA	0x1D03      	BTFSS      STATUS, 2
0x01EB	0x29EE      	GOTO       L__startManual52
0x01EC	0x3002      	MOVLW      2
0x01ED	0x0623      	XORWF      _currentState, 0
L__startManual52:
0x01EE	0x1D03      	BTFSS      STATUS, 2
0x01EF	0x29F5      	GOTO       L_startManual20
;traffic.c,137 :: 		count(3000);
0x01F0	0x30B8      	MOVLW      184
0x01F1	0x00AB      	MOVWF      FARG_count_ms
0x01F2	0x300B      	MOVLW      11
0x01F3	0x00AC      	MOVWF      FARG_count_ms+1
0x01F4	0x2149      	CALL       _count
;traffic.c,138 :: 		}
L_startManual20:
L_startManual19:
;traffic.c,140 :: 		goNextState();
0x01F5	0x2098      	CALL       _goNextState
;traffic.c,142 :: 		turnOnLeds();
0x01F6	0x2069      	CALL       _turnOnLeds
;traffic.c,143 :: 		}
0x01F7	0x29D2      	GOTO       L_startManual14
;traffic.c,144 :: 		}
L_end_startManual:
0x01F8	0x0008      	RETURN
; end of _startManual
___CC2DW:
;__Lib_System.c,134 :: 		
;__Lib_System.c,137 :: 		
_CC2D_Loop1:
;__Lib_System.c,139 :: 		
0x01F9	0x21AA      	CALL       _____DoICP
0x01FA	0x118A      	BCF        PCLATH, 3
0x01FB	0x120A      	BCF        PCLATH, 4
;__Lib_System.c,141 :: 		
0x01FC	0x0080      	MOVWF      INDF
;__Lib_System.c,142 :: 		
0x01FD	0x0A84      	INCF       FSR, 1
;__Lib_System.c,143 :: 		
0x01FE	0x0AA7      	INCF       ___DoICPAddr, 1
;__Lib_System.c,145 :: 		
0x01FF	0x1903      	BTFSC      STATUS, 2
;__Lib_System.c,146 :: 		
0x0200	0x0AA8      	INCF       ___DoICPAddr+1, 1
;__Lib_System.c,147 :: 		
0x0201	0x03F0      	DECF       R0, 1
;__Lib_System.c,149 :: 		
0x0202	0x1D03      	BTFSS      STATUS, 2
;__Lib_System.c,150 :: 		
0x0203	0x29F9      	GOTO       _CC2D_Loop1
;__Lib_System.c,152 :: 		
L_end___CC2DW:
0x0204	0x0008      	RETURN
; end of ___CC2DW
_main:
0x0205	0x1283      	BCF        STATUS, 5
0x0206	0x1303      	BCF        STATUS, 6
0x0207	0x01A1      	CLRF       _cancelFlag
0x0208	0x01A2      	CLRF       34
0x0209	0x01A3      	CLRF       _currentState
0x020A	0x01A4      	CLRF       36
0x020B	0x01A5      	CLRF       _currentMode
0x020C	0x01A6      	CLRF       38
;traffic.c,71 :: 		void main() {
;traffic.c,73 :: 		trisb.b0=1; // Change mode pin
0x020D	0x1683      	BSF        STATUS, 5
0x020E	0x1406      	BSF        TRISB, 0
;traffic.c,74 :: 		trisb.b1=1; // Manual: Change state pin
0x020F	0x1486      	BSF        TRISB, 1
;traffic.c,76 :: 		gie_bit=1;
0x0210	0x178B      	BSF        GIE_bit, BitPos(GIE_bit+0)
;traffic.c,77 :: 		inte_bit=1;
0x0211	0x160B      	BSF        INTE_bit, BitPos(INTE_bit+0)
;traffic.c,78 :: 		not_rbpu_bit=0;
0x0212	0x1381      	BCF        NOT_RBPU_bit, BitPos(NOT_RBPU_bit+0)
;traffic.c,80 :: 		trisc=0; // 7-segments port
0x0213	0x0187      	CLRF       TRISC
;traffic.c,81 :: 		trisd=0; // leds port
0x0214	0x0188      	CLRF       TRISD
;traffic.c,83 :: 		LEDS=0;
0x0215	0x1283      	BCF        STATUS, 5
0x0216	0x0188      	CLRF       PORTD
;traffic.c,84 :: 		SEGMENTS=0;
0x0217	0x0187      	CLRF       PORTC
;traffic.c,86 :: 		while (1) {
L_main3:
;traffic.c,87 :: 		cancelFlag=0;
0x0218	0x01A1      	CLRF       _cancelFlag
0x0219	0x01A2      	CLRF       _cancelFlag+1
;traffic.c,89 :: 		SEGMENTS=0;
0x021A	0x0187      	CLRF       PORTC
;traffic.c,91 :: 		LEDS=0;
0x021B	0x0188      	CLRF       PORTD
;traffic.c,93 :: 		if (currentMode == 0) {
0x021C	0x3000      	MOVLW      0
0x021D	0x0626      	XORWF      _currentMode+1, 0
0x021E	0x1D03      	BTFSS      STATUS, 2
0x021F	0x2A22      	GOTO       L__main44
0x0220	0x3000      	MOVLW      0
0x0221	0x0625      	XORWF      _currentMode, 0
L__main44:
0x0222	0x1D03      	BTFSS      STATUS, 2
0x0223	0x2A26      	GOTO       L_main5
;traffic.c,94 :: 		startAuto();
0x0224	0x21B1      	CALL       _startAuto
;traffic.c,95 :: 		} else {
0x0225	0x2A27      	GOTO       L_main6
L_main5:
;traffic.c,96 :: 		startManual();
0x0226	0x21D1      	CALL       _startManual
;traffic.c,97 :: 		}
L_main6:
;traffic.c,98 :: 		}
0x0227	0x2A18      	GOTO       L_main3
;traffic.c,99 :: 		}
L_end_main:
0x0228	0x2A28      	GOTO       $+0
; end of _main
Symbol List:
//** Routines locations **
//ADDRESS    SIZE    PROCEDURE
//----------------------------------------------
0x0004      [40]    _interrupt
0x002C      [17]    _Div_8X8_U
0x003D      [44]    _Div_16x16_S_L
0x0069      [47]    _turnOnLeds
0x0098      [16]    _goNextState
0x00A8      [17]    _Delay_1sec
0x00B9      [39]    _Dec2Bcd
0x00E0     [105]    _Div_16x16_S
0x0149      [67]    _count
0x018C      [30]    _waitCurrentState
0x01AA       [7]    _____DoICP
0x01B1      [32]    _startAuto
0x01D1      [40]    _startManual
0x01F9      [12]    ___CC2DW
0x0205      [36]    _main
//** Variables locations ** 
//ADDRESS    SIZE    VARIABLE
//----------------------------------------------
0x0000       [1]    INDF
0x0002       [1]    PCL
0x0003       [1]    STATUS
0x0004       [1]    FSR
0x0006       [1]    PORTB
0x0007       [1]    PORTC
0x0008       [1]    PORTD
0x000A       [1]    PCLATH
0x000B       [0]    GIE_bit
0x000B       [0]    INTF_bit
0x000B       [0]    INTE_bit
0x0021       [2]    _cancelFlag
0x0023       [2]    _currentState
0x0025       [2]    _currentMode
0x0027       [2]    ___DoICPAddr
0x0029       [1]    ___saveSTATUS
0x002A       [1]    ___savePCLATH
0x002B       [2]    FARG_count_ms
0x002D       [2]    count_sec_L0
0x002F       [1]    FARG_Dec2Bcd_decnum
0x0030       [1]    Dec2Bcd_tmp_L0
0x0070       [1]    R0
0x0071       [1]    R1
0x0072       [1]    R2
0x0073       [1]    R3
0x0074       [1]    R4
0x0075       [1]    R5
0x0076       [1]    R6
0x0077       [1]    R7
0x0078       [1]    R8
0x0079       [1]    R9
0x007A       [1]    R10
0x007B       [1]    R11
0x007C       [1]    R12
0x007D       [1]    R13
0x007E       [1]    R14
0x007F       [1]    R15
0x0081       [0]    NOT_RBPU_bit
0x0086       [1]    TRISB
0x0087       [1]    TRISC
0x0088       [1]    TRISD
//** Label List: ** 
//----------------------------------------------
  L_interrupt0
  L_interrupt1
  L_interrupt2
  L_main3
  L_main4
  L_main5
  L_main6
  L_turnOnLeds7
  L_turnOnLeds8
  L_turnOnLeds9
  L_turnOnLeds10
  L_turnOnLeds11
  L_turnOnLeds12
  L_turnOnLeds13
  L_startManual14
  L_startManual15
  L_startManual16
  L_startManual17
  L_startManual18
  L_startManual19
  L_startManual20
  L_waitCurrentState21
  L_waitCurrentState22
  L_waitCurrentState23
  L_goNextState24
  L_startAuto25
  L_startAuto26
  L_startAuto27
  L_startAuto28
  L_startAuto29
  L_startAuto30
  L_count31
  L_count32
  L_count33
  L_count34
  L_count35
  L_count36
  L_count37
  L__startAuto38
  L__count39
  L_end_interrupt
  _interrupt
  L__interrupt41
  L__interrupt42
  L_end_main
  _main
  L__main44
  L_end_turnOnLeds
  _turnOnLeds
  L__turnOnLeds46
  L__turnOnLeds47
  L__turnOnLeds48
  L__turnOnLeds49
  L_end_startManual
  _startManual
  L__startManual51
  L__startManual52
  L_end_waitCurrentState
  _waitCurrentState
  L__waitCurrentState54
  L__waitCurrentState55
  L_end_goNextState
  _goNextState
  L__goNextState57
  L_end_startAuto
  _startAuto
  L__startAuto59
  L__startAuto60
  L_end_count
  _count
  L__count62
  L__count63
  L__count64
  L__count65
  L_ByteToStr0
  L_ByteToStr1
  L_ByteToStr2
  L_ByteToStr3
  L_ByteToStr4
  L_ByteToStr5
  L_WordToStr6
  L_WordToStr7
  L_WordToStr8
  L_WordToStr9
  L_WordToStr10
  L_WordToStr11
  L_WordToStrWithZeros12
  L_WordToStrWithZeros13
  L_WordToStrWithZeros14
  L_WordToStrWithZeros15
  L_WordToStrWithZeros16
  L_ShortToStr17
  L_ShortToStr18
  L_ShortToStr19
  L_ShortToStr20
  L_ShortToStr21
  L_ShortToStr22
  L_IntToStr23
  L_IntToStr24
  L_IntToStr25
  L_IntToStr26
  L_IntToStr27
  L_IntToStr28
  L_IntToStrWithZeros29
  L_IntToStrWithZeros30
  L_IntToStrWithZeros31
  L_IntToStrWithZeros32
  L_IntToStrWithZeros33
  L_IntToStrWithZeros34
  L_IntToStrWithZeros35
  L_IntToStrWithZeros36
  L_IntToStrWithZeros37
  L_LongWordToStr38
  L_LongWordToStr39
  L_LongWordToStr40
  L_LongWordToStr41
  L_LongWordToStr42
  L_LongWordToStr43
  L_LongWordToStrWithZeros44
  L_LongWordToStrWithZeros45
  L_LongWordToStrWithZeros46
  L_LongWordToStrWithZeros47
  L_LongWordToStrWithZeros48
  L_LongToStr49
  L_LongToStr50
  L_LongToStr51
  L_LongToStr52
  L_LongToStr53
  L_LongToStr54
  L_LongIntToStrWithZeros55
  L_LongIntToStrWithZeros56
  L_LongIntToStrWithZeros57
  L_LongIntToStrWithZeros58
  L_LongIntToStrWithZeros59
  L_LongIntToStrWithZeros60
  L_LongIntToStrWithZeros61
  L_LongIntToStrWithZeros62
  L_LongIntToStrWithZeros63
  L_Dec2Bcd64
  L_Dec2Bcd65
  L_Rtrim66
  L_Rtrim67
  L_Rtrim68
  L_Rtrim69
  L_Ltrim70
  L_Ltrim71
  L_Ltrim72
  L_Ltrim73
  L_Ltrim74
  L_Ltrim75
  L_FloatToStr76
  L_FloatToStr77
  L_FloatToStr78
  L_FloatToStr79
  L_FloatToStr80
  L_FloatToStr81
  L_FloatToStr82
  L_FloatToStr83
  L_FloatToStr84
  L_FloatToStr85
  L_FloatToStr86
  L_FloatToStr87
  L_FloatToStr88
  L_FloatToStr89
  L_FloatToStr90
  L_FloatToStr91
  L_FloatToStr92
  L_FloatToStr93
  L_FloatToStr94
  L_FloatToStr95
  L_FloatToStr96
  L_FloatToStr97
  L__Rtrim98
  L__Ltrim99
  L__FloatToStr100
  L_end_ByteToHex
  _ByteToHex
  L_end_ShortToHex
  _ShortToHex
  L_end_WordToHex
  _WordToHex
  L_end_IntToHex
  _IntToHex
  L_end_LongWordToHex
  _LongWordToHex
  L_end_LongIntToHex
  _LongIntToHex
  L_end_ByteToStr
  _ByteToStr
  L_end_WordToStr
  _WordToStr
  L__WordToStr109
  L_end_WordToStrWithZeros
  _WordToStrWithZeros
  L__WordToStrWithZeros111
  L_end_ShortToStr
  _ShortToStr
  L__ShortToStr113
  L_end_IntToStr
  _IntToStr
  L__IntToStr115
  L__IntToStr116
  L_end_IntToStrWithZeros
  _IntToStrWithZeros
  L__IntToStrWithZeros118
  L__IntToStrWithZeros119
  L__IntToStrWithZeros120
  L_end_LongWordToStr
  _LongWordToStr
  L__LongWordToStr122
  L__LongWordToStr123
  L_end_LongWordToStrWithZeros
  _LongWordToStrWithZeros
  L__LongWordToStrWithZeros125
  L_end_LongToStr
  _LongToStr
  L__LongToStr127
  L__LongToStr128
  L_end_LongIntToStrWithZeros
  _LongIntToStrWithZeros
  L__LongIntToStrWithZeros130
  L__LongIntToStrWithZeros131
  L__LongIntToStrWithZeros132
  L_end_Dec2Bcd
  _Dec2Bcd
  L_end_Bcd2Dec
  _Bcd2Dec
  L_end_Bcd2Dec16
  _Bcd2Dec16
  L__Bcd2Dec16136
  L__Bcd2Dec16137
  L_end_Dec2Bcd16
  _Dec2Bcd16
  L__Dec2Bcd16139
  L__Dec2Bcd16140
  L_end_Rtrim
  _Rtrim
  L_end_Ltrim
  _Ltrim
  L_end_FloatToStr
  _FloatToStr
  L__FloatToStr144
  L__FloatToStr145
  L__FloatToStr146
  L__FloatToStr147
  L__FloatToStr148
  L_Delay_10us0
  L_Delay_22us1
  L_Delay_50us2
  L_Delay_80us3
  L_Delay_500us4
  L_Delay_5500us5
  L_Delay_1ms6
  L_Delay_5ms7
  L_Delay_8ms8
  L_Delay_10ms9
  L_Delay_100ms10
  L_Delay_1sec11
  L_boot16_Delay_5ms12
  L_Delay_Cyc13
  L_Delay_Cyc14
  L_VDelay_ms15
  L_VDelay_ms16
  L_VDelay_ms17
  L_VDelay_Advanced_ms18
  L_VDelay_Advanced_ms19
  L_VDelay_Advanced_ms20
  L_end_Get_Fosc_kHz
  _Get_Fosc_kHz
  L_end_Delay_1us
  _Delay_1us
  L_end_Delay_10us
  _Delay_10us
  L_end_Delay_22us
  _Delay_22us
  L_end_Delay_50us
  _Delay_50us
  L_end_Delay_80us
  _Delay_80us
  L_end_Delay_500us
  _Delay_500us
  L_end_Delay_5500us
  _Delay_5500us
  L_end_Delay_1ms
  _Delay_1ms
  L_end_Delay_5ms
  _Delay_5ms
  L_end_Delay_8ms
  _Delay_8ms
  L_end_Delay_10ms
  _Delay_10ms
  L_end_Delay_100ms
  _Delay_100ms
  L_end_Delay_1sec
  _Delay_1sec
  L_end_boot16_Delay_5ms
  _boot16_Delay_5ms
  L_end_Delay_Cyc
  _Delay_Cyc
  L_end_VDelay_ms
  _VDelay_ms
  L__VDelay_ms38
  L__VDelay_ms39
  L__VDelay_ms40
  L_end_VDelay_Advanced_ms
  _VDelay_Advanced_ms
  L__VDelay_Advanced_ms42
  L__VDelay_Advanced_ms43
  L__VDelay_Advanced_ms44
  L_Div_16x16_S0
  L_Div_16x16_S1
  LOOPS3232A
  SADD22LA
  SOK22LA
  SADD22L8
  SOK22L8
  LOOPS3232B
  SADD22LB
  SOK22LB
  SADD22L16
  SOK22L16
  LOOPS3232C
  SADD22LC
  SOK22LC
  SADD22L24
  SOK22L24
  LOOPS3232D
  SADD22LD
  SOK22LD
  SOK22L
  L_Div_32x32_S6
  L_Div_32x32_S7
  L_Div_32x32_S8
  L_Div_32x32_S9
  FXD3232S
  END_ALL
  CA3232S
  C3232SX
  C3232SX1
  C3232S
  C3232S2
  C3232SX4
  C3232SOK
  C3232SX3
  C3232SX2
  avoid_comfrem
  LOOPU3232A
  UADD22LA
  UOK22LA
  UADD22L8
  UOK22L8
  LOOPU3232B
  UADD22LB
  UOK22LB
  UADD22L16
  UOK22L16
  LOOPU3232C
  UADD22LC
  UOK22LC
  UADD22L24
  UOK22L24
  LOOPU3232D
  UADD22LD
  UOK22LD
  UOK22L
  _NEXT
  _EXIT2
  _LOOP
  _EXIT1
  _IF_FIRST
  _IF_SECOND
  _INVERCE_FIRST
  _MULT
  _INBERSE_SECOND
  _EXIT
  L_end_Mul_8X8_U
  _Mul_8X8_U
  L_end_Mul_16X16_U
  _Mul_16X16_U
  L_end_Div_8X8_U
  _Div_8X8_U
  L_end_Div_16X16_U
  _Div_16X16_U
  L_end_Mul_8X8_S
  _Mul_8X8_S
  L_end_Mul_16X16_S
  _Mul_16X16_S
  L_end_Div_16x16_S_L
  _Div_16x16_S_L
  L_end_Div_16x16_S
  _Div_16x16_S
  L_end_Div_8X8_S
  _Div_8X8_S
  L_end_SDIV3232L
  _SDIV3232L
  L_end_COMFREM
  _COMFREM
  L_end_Div_32x32_S
  _Div_32x32_S
  L_end_Div_32x32_U
  _Div_32x32_U
  L_end_Mul_32x32_U
  _Mul_32x32_U
  L_end_Mul_32x32_S
  _Mul_32x32_S
  L_loopCA2AWs
  L_CA2AWend
  _CCA2AW_Loop1
  L_loopCS2Ss
  L_CS2Send
  _CCS2S_Loop1
  L_CCS2Send
  L_loopFZinSWs
  L_FZinSend
  _CC2D_Loop1
  L_end_____DoICP
  _____DoICP
  L_end_____DoIFC
  _____DoIFC
  L_end___CA2AW
  ___CA2AW
  L_end___CCA2AW
  ___CCA2AW
  L_end___CS2S
  ___CS2S
  L_end___CCS2S
  ___CCS2S
  L_end___FZinS
  ___FZinS
  L_end___CC2DW
  ___CC2DW
  L_end_Swap
  _Swap
  L_interrupt0
  L_interrupt1
  L_interrupt2
  L_main3
  L_main4
  L_main5
  L_main6
  L_turnOnLeds7
  L_turnOnLeds8
  L_turnOnLeds9
  L_turnOnLeds10
  L_turnOnLeds11
  L_turnOnLeds12
  L_turnOnLeds13
  L_startManual14
  L_startManual15
  L_startManual16
  L_startManual17
  L_startManual18
  L_startManual19
  L_startManual20
  L_waitCurrentState21
  L_waitCurrentState22
  L_waitCurrentState23
  L_goNextState24
  L_startAuto25
  L_startAuto26
  L_startAuto27
  L_startAuto28
  L_startAuto29
  L_startAuto30
  L_count31
  L_count32
  L_count33
  L_count34
  L_count35
  L_count36
  L_count37
  L__startAuto38
  L__count39
  L_end_interrupt
  _interrupt
  L__interrupt41
  L__interrupt42
  L_end_main
  _main
  L__main44
  L_end_turnOnLeds
  _turnOnLeds
  L__turnOnLeds46
  L__turnOnLeds47
  L__turnOnLeds48
  L__turnOnLeds49
  L_end_startManual
  _startManual
  L__startManual51
  L__startManual52
  L_end_waitCurrentState
  _waitCurrentState
  L__waitCurrentState54
  L__waitCurrentState55
  L_end_goNextState
  _goNextState
  L__goNextState57
  L_end_startAuto
  _startAuto
  L__startAuto59
  L__startAuto60
  L_end_count
  _count
  L__count62
  L__count63
  L__count64
  L__count65
